<?xml version="1.0" encoding="UTF-8"?>
<!-- Generated by org.testng.reporters.JUnitReportReporter -->
<testsuite hostname="SHAHEBAZ" failures="0" tests="2" name="testCases.TC_001AccountRegistrationTest" time="5.115" errors="0" timestamp="2025-03-06T17:55:02 IST" skipped="0">
  <testcase classname="testCases.TC_001AccountRegistrationTest" name="verify_account_registration" time="2.915"/>
  <testcase classname="testCases.TC_001AccountRegistrationTest" name="verify_account_registration" time="2.200"/>
</testsuite> <!-- testCases.TC_001AccountRegistrationTest -->
