<?xml version="1.0" encoding="UTF-8"?>
<!-- Generated by org.testng.reporters.JUnitReportReporter -->
<testsuite hostname="SHAHEBAZ" failures="0" tests="2" name="testCases.TC_002LoginTest" time="3.642" errors="0" timestamp="2025-03-06T17:55:02 IST" skipped="0">
  <testcase classname="testCases.TC_002LoginTest" name="verify_test" time="2.282"/>
  <testcase classname="testCases.TC_002LoginTest" name="verify_test" time="1.360"/>
</testsuite> <!-- testCases.TC_002LoginTest -->
