<?xml version="1.0" encoding="UTF-8"?>
<!-- Generated by org.testng.reporters.JUnitReportReporter -->
<testsuite hostname="SHAHEBAZ" failures="0" tests="1" name="testCases.TC_002LoginTest" time="2.088" errors="0" timestamp="2025-03-07T13:18:43 IST" skipped="0">
  <testcase classname="testCases.TC_002LoginTest" name="verify_test" time="2.088"/>
</testsuite> <!-- testCases.TC_002LoginTest -->
